<?xml version="1.0" encoding="UTF-8"?>
<!-- Generated by org.testng.reporters.JUnitXMLReporter -->
<testsuite ignored="3" hostname="DESKTOP-5A74DQH" failures="0" tests="5" name="Default test" time="122.84" errors="0" timestamp="2023-01-12T01:50:34 PST">
  <testcase classname="naveenAutomation.Tests.AccountLogInTest" name="verifyAccountInfoOfUsers" time="2.791"/>
  <testcase classname="naveenAutomation.Tests.AccountLogInTest" name="verifyAccountInfoOfUsers" time="2.618"/>
  <testcase classname="naveenAutomation.Tests.AccountLogInTest" name="verifyAccountInfoOfUsers" time="2.267"/>
  <testcase classname="naveenAutomation.Tests.AccountLogInTest" name="verifyAccountInfoOfUsers" time="2.508"/>
  <testcase classname="naveenAutomation.Tests.AccountLogInTest" name="verifyAccountInfoOfUsers" time="3.028"/>
  <testcase classname="naveenAutomation.Tests.AccountLogInTest" name="verifyUserAbleToChangePhnNumber" time="0.0">
    <ignored/>
  </testcase> <!-- verifyUserAbleToChangePhnNumber -->
  <testcase classname="naveenAutomation.Tests.AccountLogInTest" name="verifyUserAbleToSubscribe" time="0.0">
    <ignored/>
  </testcase> <!-- verifyUserAbleToSubscribe -->
  <testcase classname="naveenAutomation.Tests.AccountLogInTest" name="verifyClickOnAllLaptopsAndNotebook" time="0.0">
    <ignored/>
  </testcase> <!-- verifyClickOnAllLaptopsAndNotebook -->
</testsuite> <!-- Default test -->
