<?xml version="1.0" encoding="UTF-8"?>
<!-- Generated by org.testng.reporters.JUnitXMLReporter -->
<testsuite ignored="0" hostname="DESKTOP-5A74DQH" failures="1" tests="11" name="Test" time="141.758" errors="0" timestamp="2023-01-12T02:22:56 PST">
  <testcase classname="naveenAutomation.Tests.AccountLogInTest" name="verifyAccountInfoOfUsers" time="2.109"/>
  <testcase classname="naveenAutomation.Tests.AccountLogInTest" name="verifyAccountInfoOfUsers" time="2.61"/>
  <testcase classname="naveenAutomation.Tests.AccountLogInTest" name="verifyAccountInfoOfUsers" time="3.284"/>
  <testcase classname="naveenAutomation.Tests.AccountLogInTest" name="verifyAccountInfoOfUsers" time="2.482"/>
  <testcase classname="naveenAutomation.Tests.AccountLogInTest" name="verifyAccountInfoOfUsers" time="2.527"/>
  <testcase classname="naveenAutomation.Tests.AccountLogInTest" name="verifyClickOnAllLaptopsAndNotebook" time="2.514"/>
  <testcase classname="naveenAutomation.Tests.AccountLogInTest" name="verifyUserAbleToChangePhnNumber" time="3.287"/>
  <testcase classname="naveenAutomation.Tests.AccountLogInTest" name="verifyUserAbleToSubscribe" time="2.655"/>
  <testcase classname="naveenAutomation.Tests.AccountCreatedTest" name="verifyUserAbleToRegister" time="1.81">
    <skipped/>
  </testcase> <!-- verifyUserAbleToRegister -->
  <testcase classname="naveenAutomation.Tests.AccountCreatedTest" name="verifyUserAbleToRegister" time="1.776">
    <skipped/>
  </testcase> <!-- verifyUserAbleToRegister -->
  <testcase classname="naveenAutomation.Tests.AccountCreatedTest" name="verifyUserAbleToRegister" time="2.647">
    <failure type="java.lang.AssertionError" message="Account not created expected [Your Account Has Been Created!] but found [Register Account]">
      <![CDATA[java.lang.AssertionError: Account not created expected [Your Account Has Been Created!] but found [Register Account]
at naveenAutomation.Tests.AccountCreatedTest.verifyUserAbleToRegister(AccountCreatedTest.java:34)
at java.base/java.util.ArrayList.forEach(ArrayList.java:1511)
... Removed 32 stack frames]]>
    </failure>
  </testcase> <!-- verifyUserAbleToRegister -->
</testsuite> <!-- Test -->
